Starting training script at Sun 30 Nov 22:04:48 CST 2025
 SWIN TRANSFORMER - MEMORY EFFICIENT TRAINING (ADVANCED OPTIMIZED)
============================================================
Base Output Directory: ./swin_final_results_advanced
Number of Replicates: 3
Device: cuda
Batch size: 16
Epochs per experiment: 50
 Model: swin_base_patch4_window7_224
============================================================

Loading dataset...
Loaded 7287 images from 32 classes
 Dataset split: Train 5829, Val 728, Test 730

Saving 5 sample images (Original vs. Resized/Augmented)...
Sample images saved in swin_final_results_advanced/sample_images/


==================== STARTING REPLICATE 1/3 ====================

============================================================
 PROCESSING IMAGENET PRE-TRAINING
============================================================
Loading imagenet model...
Loaded 87,079,364 parameters from imagenet

Training imagenet
==================================================
Epoch 1/50 - 24.8s
  Train: Loss 1.8869, Acc 56.63%
  Val:   Loss 0.8184, Acc 77.61%
   New best model saved: 77.61%
Epoch 2/50 - 22.2s
  Train: Loss 0.6886, Acc 82.00%
  Val:   Loss 0.5013, Acc 85.03%
   New best model saved: 85.03%
Epoch 3/50 - 22.2s
  Train: Loss 0.4658, Acc 86.82%
  Val:   Loss 0.4105, Acc 87.09%
   New best model saved: 87.09%
Epoch 4/50 - 22.4s
  Train: Loss 0.3548, Acc 89.57%
  Val:   Loss 0.3836, Acc 88.19%
   New best model saved: 88.19%
Epoch 5/50 - 22.2s
  Train: Loss 0.2834, Acc 91.27%
  Val:   Loss 0.3439, Acc 89.15%
   New best model saved: 89.15%
Epoch 6/50 - 22.3s
  Train: Loss 0.2297, Acc 93.31%
  Val:   Loss 0.3492, Acc 88.87%
Epoch 7/50 - 22.2s
  Train: Loss 0.1898, Acc 94.37%
  Val:   Loss 0.3473, Acc 89.42%
   New best model saved: 89.42%
Epoch 8/50 - 22.3s
  Train: Loss 0.1562, Acc 95.32%
  Val:   Loss 0.3366, Acc 89.42%
Epoch 9/50 - 22.3s
  Train: Loss 0.1324, Acc 96.00%
  Val:   Loss 0.3808, Acc 89.56%
   New best model saved: 89.56%
Epoch 10/50 - 22.1s
  Train: Loss 0.1098, Acc 96.79%
  Val:   Loss 0.3331, Acc 90.11%
  New best model saved: 90.11%
  Saving progress curves to epoch_10.png...
Epoch 11/50 - 22.3s
  Train: Loss 0.0914, Acc 97.36%
  Val:   Loss 0.3477, Acc 90.11%
Epoch 12/50 - 22.2s
  Train: Loss 0.0722, Acc 97.99%
  Val:   Loss 0.3702, Acc 89.97%
Epoch 13/50 - 22.3s
  Train: Loss 0.0581, Acc 98.59%
  Val:   Loss 0.3958, Acc 90.11%
Epoch 14/50 - 22.3s
  Train: Loss 0.0438, Acc 98.87%
  Val:   Loss 0.4056, Acc 90.25%
  New best model saved: 90.25%
Epoch 15/50 - 22.2s
  Train: Loss 0.0393, Acc 98.99%
  Val:   Loss 0.4168, Acc 89.97%
Epoch 16/50 - 22.2s
  Train: Loss 0.0323, Acc 99.19%
  Val:   Loss 0.4398, Acc 89.70%
Epoch 17/50 - 22.3s
  Train: Loss 0.0252, Acc 99.37%
  Val:   Loss 0.4733, Acc 90.11%
Epoch 18/50 - 22.2s
  Train: Loss 0.0201, Acc 99.47%
  Val:   Loss 0.4613, Acc 91.07%
  New best model saved: 91.07%
Epoch 19/50 - 22.2s
  Train: Loss 0.0183, Acc 99.61%
  Val:   Loss 0.4661, Acc 90.25%
Epoch 20/50 - 22.4s
  Train: Loss 0.0197, Acc 99.47%
  Val:   Loss 0.4906, Acc 89.70%
  Saving progress curves to epoch_20.png...
Epoch 21/50 - 22.3s
  Train: Loss 0.0131, Acc 99.71%
  Val:   Loss 0.5110, Acc 89.97%
Epoch 22/50 - 22.3s
  Train: Loss 0.0118, Acc 99.76%
  Val:   Loss 0.5178, Acc 89.97%
Epoch 23/50 - 22.3s
  Train: Loss 0.0103, Acc 99.78%
  Val:   Loss 0.5417, Acc 89.29%
Epoch 24/50 - 22.2s
  Train: Loss 0.0106, Acc 99.73%
  Val:   Loss 0.5558, Acc 89.56%
Epoch 25/50 - 22.2s
  Train: Loss 0.0081, Acc 99.90%
  Val:   Loss 0.5882, Acc 89.42%
Epoch 26/50 - 22.3s
  Train: Loss 0.0060, Acc 99.93%
  Val:   Loss 0.5523, Acc 89.70%
Epoch 27/50 - 22.2s
  Train: Loss 0.0071, Acc 99.90%
  Val:   Loss 0.5787, Acc 89.84%
Epoch 28/50 - 22.3s
  Train: Loss 0.0071, Acc 99.85%
  Val:   Loss 0.5849, Acc 89.97%
Epoch 29/50 - 22.2s
  Train: Loss 0.0064, Acc 99.81%
  Val:   Loss 0.6011, Acc 90.25%
Epoch 30/50 - 22.2s
  Train: Loss 0.0055, Acc 99.90%
  Val:   Loss 0.5885, Acc 90.52%
  Saving progress curves to epoch_30.png...
Epoch 31/50 - 22.2s
  Train: Loss 0.0057, Acc 99.85%
  Val:   Loss 0.5889, Acc 89.97%
Epoch 32/50 - 22.3s
  Train: Loss 0.0045, Acc 99.95%
  Val:   Loss 0.6205, Acc 89.97%
Epoch 33/50 - 22.2s
  Train: Loss 0.0052, Acc 99.83%
  Val:   Loss 0.5952, Acc 90.38%
Epoch 34/50 - 22.2s
  Train: Loss 0.0045, Acc 99.91%
  Val:   Loss 0.6071, Acc 89.97%
Epoch 35/50 - 22.3s
  Train: Loss 0.0043, Acc 99.93%
  Val:   Loss 0.6147, Acc 90.38%
Epoch 36/50 - 22.3s
  Train: Loss 0.0053, Acc 99.88%
  Val:   Loss 0.6014, Acc 90.25%
Epoch 37/50 - 22.3s
  Train: Loss 0.0044, Acc 99.91%
  Val:   Loss 0.6407, Acc 89.29%
Epoch 38/50 - 22.2s
  Train: Loss 0.0046, Acc 99.93%
  Val:   Loss 0.6178, Acc 90.11%
Epoch 39/50 - 22.2s
  Train: Loss 0.0054, Acc 99.85%
  Val:   Loss 0.6288, Acc 90.38%
Epoch 40/50 - 22.3s
  Train: Loss 0.0039, Acc 99.95%
  Val:   Loss 0.6253, Acc 89.70%
  Saving progress curves to epoch_40.png...
Epoch 41/50 - 22.4s
  Train: Loss 0.0027, Acc 99.97%
  Val:   Loss 0.6194, Acc 89.97%
Epoch 42/50 - 22.3s
  Train: Loss 0.0037, Acc 99.93%
  Val:   Loss 0.6336, Acc 89.97%
Epoch 43/50 - 22.6s
  Train: Loss 0.0030, Acc 99.98%
  Val:   Loss 0.6269, Acc 89.97%
Epoch 44/50 - 22.4s
  Train: Loss 0.0029, Acc 99.95%
  Val:   Loss 0.6398, Acc 90.11%
Epoch 45/50 - 22.2s
  Train: Loss 0.0031, Acc 99.98%
  Val:   Loss 0.6363, Acc 89.42%
Epoch 46/50 - 22.2s
  Train: Loss 0.0029, Acc 99.95%
  Val:   Loss 0.6273, Acc 89.56%
Epoch 47/50 - 22.2s
  Train: Loss 0.0025, Acc 99.97%
  Val:   Loss 0.6316, Acc 89.56%
Epoch 48/50 - 22.2s
  Train: Loss 0.0029, Acc 99.97%
  Val:   Loss 0.6324, Acc 89.70%
Epoch 49/50 - 22.3s
  Train: Loss 0.0045, Acc 99.86%
  Val:   Loss 0.6316, Acc 89.70%
Epoch 50/50 - 22.3s
  Train: Loss 0.0028, Acc 99.97%
  Val:   Loss 0.6318, Acc 89.70%
  Saving progress curves to epoch_50.png...

 Evaluating imagenet on test set...
  Loaded best model from epoch 18 (Val Acc: 91.07%)
Test Accuracy: 0.8986
Completed imagenet: Test Acc = 0.8986

============================================================
 PROCESSING EXFRACTAL PRE-TRAINING
============================================================
 Loading exfractal model...
Loaded 87,079,364 parameters from exfractal

 Training exfractal
==================================================
Epoch 1/50 - 22.4s
  Train: Loss 2.1996, Acc 46.65%
  Val:   Loss 0.9165, Acc 76.24%
   New best model saved: 76.24%
Epoch 2/50 - 22.4s
  Train: Loss 0.7295, Acc 80.77%
  Val:   Loss 0.4686, Acc 85.30%
   New best model saved: 85.30%
Epoch 3/50 - 22.4s
  Train: Loss 0.4646, Acc 86.69%
  Val:   Loss 0.3865, Acc 86.81%
   New best model saved: 86.81%
Epoch 4/50 - 22.4s
  Train: Loss 0.3441, Acc 89.69%
  Val:   Loss 0.3177, Acc 89.56%
   New best model saved: 89.56%
Epoch 5/50 - 22.4s
  Train: Loss 0.2772, Acc 91.39%
  Val:   Loss 0.3193, Acc 89.97%
   New best model saved: 89.97%
Epoch 6/50 - 22.3s
  Train: Loss 0.2242, Acc 93.10%
  Val:   Loss 0.2981, Acc 90.11%
   New best model saved: 90.11%
Epoch 7/50 - 22.4s
  Train: Loss 0.1761, Acc 94.20%
  Val:   Loss 0.2956, Acc 90.52%
   New best model saved: 90.52%
Epoch 8/50 - 22.4s
  Train: Loss 0.1490, Acc 95.40%
  Val:   Loss 0.2858, Acc 90.11%
Epoch 9/50 - 22.3s
  Train: Loss 0.1209, Acc 96.33%
  Val:   Loss 0.2827, Acc 91.07%
   New best model saved: 91.07%
Epoch 10/50 - 22.4s
  Train: Loss 0.0980, Acc 97.03%
  Val:   Loss 0.3247, Acc 90.66%
  Saving progress curves to epoch_10.png...
Epoch 11/50 - 22.4s
  Train: Loss 0.0772, Acc 97.60%
  Val:   Loss 0.3407, Acc 89.70%
Epoch 12/50 - 22.4s
  Train: Loss 0.0627, Acc 98.32%
  Val:   Loss 0.3277, Acc 90.25%
Epoch 13/50 - 22.4s
  Train: Loss 0.0477, Acc 98.71%
  Val:   Loss 0.3162, Acc 90.93%
Epoch 14/50 - 22.7s
  Train: Loss 0.0368, Acc 99.07%
  Val:   Loss 0.3634, Acc 90.38%
Epoch 15/50 - 22.4s
  Train: Loss 0.0302, Acc 99.31%
  Val:   Loss 0.3678, Acc 90.52%
Epoch 16/50 - 22.4s
  Train: Loss 0.0270, Acc 99.25%
  Val:   Loss 0.3722, Acc 91.21%
   New best model saved: 91.21%
Epoch 17/50 - 33.7s
  Train: Loss 0.0187, Acc 99.54%
  Val:   Loss 0.4121, Acc 90.66%
Epoch 18/50 - 22.4s
  Train: Loss 0.0198, Acc 99.49%
  Val:   Loss 0.3856, Acc 91.62%
   New best model saved: 91.62%
Epoch 19/50 - 22.5s
  Train: Loss 0.0142, Acc 99.57%
  Val:   Loss 0.4185, Acc 90.25%
Epoch 20/50 - 22.3s
  Train: Loss 0.0139, Acc 99.59%
  Val:   Loss 0.4264, Acc 91.21%
  Saving progress curves to epoch_20.png...
Epoch 21/50 - 22.4s
  Train: Loss 0.0120, Acc 99.62%
  Val:   Loss 0.4199, Acc 91.21%
Epoch 22/50 - 22.4s
  Train: Loss 0.0073, Acc 99.88%
  Val:   Loss 0.4436, Acc 91.35%
Epoch 23/50 - 22.3s
  Train: Loss 0.0079, Acc 99.79%
  Val:   Loss 0.4841, Acc 90.93%
Epoch 24/50 - 22.3s
  Train: Loss 0.0069, Acc 99.91%
  Val:   Loss 0.4604, Acc 90.66%
Epoch 25/50 - 22.3s
  Train: Loss 0.0065, Acc 99.88%
  Val:   Loss 0.4580, Acc 91.21%
Epoch 26/50 - 22.3s
  Train: Loss 0.0051, Acc 99.88%
  Val:   Loss 0.4389, Acc 90.80%
Epoch 27/50 - 22.4s
  Train: Loss 0.0057, Acc 99.91%
  Val:   Loss 0.4601, Acc 90.80%
Epoch 28/50 - 22.4s
  Train: Loss 0.0042, Acc 99.95%
  Val:   Loss 0.4441, Acc 91.35%
Epoch 29/50 - 22.4s
  Train: Loss 0.0041, Acc 99.91%
  Val:   Loss 0.4583, Acc 91.35%
Epoch 30/50 - 22.4s
  Train: Loss 0.0038, Acc 99.93%
  Val:   Loss 0.4708, Acc 91.76%
   New best model saved: 91.76%
  Saving progress curves to epoch_30.png...
Epoch 31/50 - 22.4s
  Train: Loss 0.0038, Acc 99.93%
  Val:   Loss 0.4510, Acc 91.35%
Epoch 32/50 - 22.5s
  Train: Loss 0.0043, Acc 99.88%
  Val:   Loss 0.4667, Acc 90.93%
Epoch 33/50 - 22.3s
  Train: Loss 0.0047, Acc 99.85%
  Val:   Loss 0.4563, Acc 91.62%
Epoch 34/50 - 22.4s
  Train: Loss 0.0051, Acc 99.88%
  Val:   Loss 0.4842, Acc 90.93%
Epoch 35/50 - 22.3s
  Train: Loss 0.0047, Acc 99.90%
  Val:   Loss 0.4715, Acc 91.35%
Epoch 36/50 - 22.3s
  Train: Loss 0.0027, Acc 99.93%
  Val:   Loss 0.4751, Acc 91.62%
Epoch 37/50 - 22.7s
  Train: Loss 0.0034, Acc 99.93%
  Val:   Loss 0.4876, Acc 91.62%
Epoch 38/50 - 22.5s
  Train: Loss 0.0036, Acc 99.91%
  Val:   Loss 0.4925, Acc 91.21%
Epoch 39/50 - 22.4s
  Train: Loss 0.0028, Acc 99.95%
  Val:   Loss 0.4926, Acc 91.21%
Epoch 40/50 - 22.4s
  Train: Loss 0.0030, Acc 99.90%
  Val:   Loss 0.4899, Acc 91.07%
  Saving progress curves to epoch_40.png...
Epoch 41/50 - 22.4s
  Train: Loss 0.0028, Acc 99.95%
  Val:   Loss 0.4980, Acc 91.48%
Epoch 42/50 - 22.3s
  Train: Loss 0.0024, Acc 99.95%
  Val:   Loss 0.4972, Acc 91.35%
Epoch 43/50 - 22.4s
  Train: Loss 0.0027, Acc 99.97%
  Val:   Loss 0.4892, Acc 91.07%
Epoch 44/50 - 22.4s
  Train: Loss 0.0044, Acc 99.88%
  Val:   Loss 0.4919, Acc 90.93%
Epoch 45/50 - 22.4s
  Train: Loss 0.0024, Acc 99.97%
  Val:   Loss 0.4955, Acc 90.80%
Epoch 46/50 - 22.3s
  Train: Loss 0.0037, Acc 99.90%
  Val:   Loss 0.4986, Acc 90.93%
Epoch 47/50 - 22.3s
  Train: Loss 0.0020, Acc 99.95%
  Val:   Loss 0.4965, Acc 90.93%
Epoch 48/50 - 22.4s
  Train: Loss 0.0025, Acc 99.95%
  Val:   Loss 0.4964, Acc 90.80%
Epoch 49/50 - 22.4s
  Train: Loss 0.0022, Acc 99.95%
  Val:   Loss 0.4954, Acc 90.80%
Epoch 50/50 - 22.4s
  Train: Loss 0.0041, Acc 99.91%
  Val:   Loss 0.4955, Acc 90.80%
  Saving progress curves to epoch_50.png...

Evaluating exfractal on test set...
  Loaded best model from epoch 30 (Val Acc: 91.76%)
Test Accuracy: 0.8959
Completed exfractal: Test Acc = 0.8959

============================================================
 PROCESSING RCDB PRE-TRAINING
============================================================
Loading rcdb model...
Loaded 87,079,364 parameters from rcdb

Training rcdb
==================================================
Epoch 1/50 - 22.3s
  Train: Loss 2.6970, Acc 31.07%
  Val:   Loss 1.7499, Acc 53.02%
   New best model saved: 53.02%
Epoch 2/50 - 22.6s
  Train: Loss 1.4919, Acc 58.74%
  Val:   Loss 1.1723, Acc 67.17%
   New best model saved: 67.17%
Epoch 3/50 - 22.5s
  Train: Loss 1.0984, Acc 69.14%
  Val:   Loss 0.9288, Acc 72.53%
   New best model saved: 72.53%
Epoch 4/50 - 22.4s
  Train: Loss 0.8876, Acc 74.11%
  Val:   Loss 0.7929, Acc 76.37%
   New best model saved: 76.37%
Epoch 5/50 - 22.4s
  Train: Loss 0.7503, Acc 77.65%
  Val:   Loss 0.7057, Acc 79.12%
   New best model saved: 79.12%
Epoch 6/50 - 22.5s
  Train: Loss 0.6507, Acc 80.87%
  Val:   Loss 0.6493, Acc 80.49%
   New best model saved: 80.49%
Epoch 7/50 - 22.3s
  Train: Loss 0.5508, Acc 83.43%
  Val:   Loss 0.6396, Acc 81.32%
   New best model saved: 81.32%
Epoch 8/50 - 22.4s
  Train: Loss 0.4935, Acc 84.80%
  Val:   Loss 0.5788, Acc 82.69%
  New best model saved: 82.69%
Epoch 9/50 - 22.3s
  Train: Loss 0.4348, Acc 86.45%
  Val:   Loss 0.5550, Acc 82.97%
  New best model saved: 82.97%
Epoch 10/50 - 22.4s
  Train: Loss 0.3863, Acc 88.13%
  Val:   Loss 0.5437, Acc 83.65%
   New best model saved: 83.65%
  Saving progress curves to epoch_10.png...
Epoch 11/50 - 22.4s
  Train: Loss 0.3484, Acc 88.92%
  Val:   Loss 0.5796, Acc 82.42%
Epoch 12/50 - 22.4s
  Train: Loss 0.3041, Acc 90.39%
  Val:   Loss 0.5587, Acc 84.62%
   New best model saved: 84.62%
Epoch 13/50 - 22.4s
  Train: Loss 0.2760, Acc 91.42%
  Val:   Loss 0.5278, Acc 84.34%
Epoch 14/50 - 22.5s
  Train: Loss 0.2452, Acc 92.35%
  Val:   Loss 0.5289, Acc 85.85%
   New best model saved: 85.85%
Epoch 15/50 - 22.4s
  Train: Loss 0.2252, Acc 92.83%
  Val:   Loss 0.5606, Acc 84.75%
Epoch 16/50 - 22.4s
  Train: Loss 0.1913, Acc 94.08%
  Val:   Loss 0.5568, Acc 84.62%
Epoch 17/50 - 22.4s
  Train: Loss 0.1813, Acc 94.70%
  Val:   Loss 0.5774, Acc 85.03%
Epoch 18/50 - 22.3s
  Train: Loss 0.1615, Acc 94.82%
  Val:   Loss 0.5827, Acc 85.44%
Epoch 19/50 - 22.3s
  Train: Loss 0.1481, Acc 95.45%
  Val:   Loss 0.6394, Acc 85.58%
Epoch 20/50 - 22.4s
  Train: Loss 0.1218, Acc 96.43%
  Val:   Loss 0.5968, Acc 86.54%
   New best model saved: 86.54%
  Saving progress curves to epoch_20.png...
Epoch 21/50 - 22.4s
  Train: Loss 0.1236, Acc 96.40%
  Val:   Loss 0.7005, Acc 84.48%
Epoch 22/50 - 22.3s
  Train: Loss 0.1084, Acc 96.38%
  Val:   Loss 0.6595, Acc 84.62%
Epoch 23/50 - 22.4s
  Train: Loss 0.1009, Acc 97.00%
  Val:   Loss 0.6327, Acc 86.54%
Epoch 24/50 - 22.3s
  Train: Loss 0.0874, Acc 97.27%
  Val:   Loss 0.6757, Acc 86.95%
  New best model saved: 86.95%
Epoch 25/50 - 22.3s
  Train: Loss 0.0715, Acc 97.86%
  Val:   Loss 0.7424, Acc 85.44%
Epoch 26/50 - 22.6s
  Train: Loss 0.0777, Acc 97.82%
  Val:   Loss 0.7356, Acc 86.54%
Epoch 27/50 - 22.6s
  Train: Loss 0.0642, Acc 98.22%
  Val:   Loss 0.7286, Acc 86.68%
Epoch 28/50 - 22.3s
  Train: Loss 0.0634, Acc 98.15%
  Val:   Loss 0.7524, Acc 86.26%
Epoch 29/50 - 22.3s
  Train: Loss 0.0706, Acc 97.80%
  Val:   Loss 0.7681, Acc 85.44%
Epoch 30/50 - 22.3s
  Train: Loss 0.0662, Acc 97.91%
  Val:   Loss 0.7685, Acc 85.85%
  Saving progress curves to epoch_30.png...
Epoch 31/50 - 22.4s
  Train: Loss 0.0558, Acc 98.22%
  Val:   Loss 0.7811, Acc 85.85%
Epoch 32/50 - 22.3s
  Train: Loss 0.0463, Acc 98.54%
  Val:   Loss 0.7759, Acc 86.26%
Epoch 33/50 - 22.4s
  Train: Loss 0.0497, Acc 98.51%
  Val:   Loss 0.7926, Acc 86.40%
Epoch 34/50 - 22.4s
  Train: Loss 0.0464, Acc 98.49%
  Val:   Loss 0.7882, Acc 86.81%
Epoch 35/50 - 22.4s
  Train: Loss 0.0434, Acc 98.87%
  Val:   Loss 0.7904, Acc 86.40%
Epoch 36/50 - 22.3s
  Train: Loss 0.0361, Acc 98.99%
  Val:   Loss 0.8064, Acc 87.09%
   New best model saved: 87.09%
Epoch 37/50 - 22.3s
  Train: Loss 0.0441, Acc 98.70%
  Val:   Loss 0.7863, Acc 87.23%
   New best model saved: 87.23%
Epoch 38/50 - 22.4s
  Train: Loss 0.0348, Acc 98.88%
  Val:   Loss 0.7975, Acc 86.68%
Epoch 39/50 - 22.3s
  Train: Loss 0.0352, Acc 98.94%
  Val:   Loss 0.8307, Acc 86.68%
Epoch 40/50 - 22.3s
  Train: Loss 0.0336, Acc 98.97%
  Val:   Loss 0.8298, Acc 86.13%
  Saving progress curves to epoch_40.png...
Epoch 41/50 - 22.7s
  Train: Loss 0.0358, Acc 99.02%
  Val:   Loss 0.8264, Acc 86.26%
Epoch 42/50 - 22.3s
  Train: Loss 0.0328, Acc 98.94%
  Val:   Loss 0.8192, Acc 86.40%
Epoch 43/50 - 22.4s
  Train: Loss 0.0360, Acc 98.95%
  Val:   Loss 0.8359, Acc 86.40%
Epoch 44/50 - 22.5s
  Train: Loss 0.0308, Acc 99.04%
  Val:   Loss 0.8258, Acc 86.81%
Epoch 45/50 - 22.4s
  Train: Loss 0.0295, Acc 99.16%
  Val:   Loss 0.8338, Acc 86.40%
Epoch 46/50 - 33.9s
  Train: Loss 0.0362, Acc 98.83%
  Val:   Loss 0.8262, Acc 86.81%
Epoch 47/50 - 22.4s
  Train: Loss 0.0367, Acc 98.95%
  Val:   Loss 0.8283, Acc 86.81%
Epoch 48/50 - 22.4s
  Train: Loss 0.0315, Acc 99.04%
  Val:   Loss 0.8246, Acc 87.09%
Epoch 49/50 - 22.4s
  Train: Loss 0.0388, Acc 98.71%
  Val:   Loss 0.8230, Acc 87.09%
Epoch 50/50 - 22.4s
  Train: Loss 0.0424, Acc 98.95%
  Val:   Loss 0.8236, Acc 87.09%
  Saving progress curves to epoch_50.png...

 Evaluating rcdb on test set...
  Loaded best model from epoch 37 (Val Acc: 87.23%)
Test Accuracy: 0.8521
Completed rcdb: Test Acc = 0.8521


==================== STARTING REPLICATE 2/3 ====================

============================================================
 PROCESSING IMAGENET PRE-TRAINING
============================================================
 Loading imagenet model...
 Loaded 87,079,364 parameters from imagenet

Training imagenet
==================================================
Epoch 1/50 - 22.4s
  Train: Loss 1.9324, Acc 54.38%
  Val:   Loss 0.8374, Acc 78.71%
   New best model saved: 78.71%
Epoch 2/50 - 22.5s
  Train: Loss 0.7041, Acc 81.35%
  Val:   Loss 0.5064, Acc 84.07%
   New best model saved: 84.07%
Epoch 3/50 - 22.4s
  Train: Loss 0.4603, Acc 86.98%
  Val:   Loss 0.4132, Acc 86.54%
  New best model saved: 86.54%
Epoch 4/50 - 22.5s
  Train: Loss 0.3524, Acc 89.57%
  Val:   Loss 0.3600, Acc 88.87%
   New best model saved: 88.87%
Epoch 5/50 - 22.4s
  Train: Loss 0.2867, Acc 91.61%
  Val:   Loss 0.3518, Acc 88.05%
Epoch 6/50 - 22.5s
  Train: Loss 0.2352, Acc 92.95%
  Val:   Loss 0.3412, Acc 89.97%
   New best model saved: 89.97%
Epoch 7/50 - 22.5s
  Train: Loss 0.1841, Acc 94.25%
  Val:   Loss 0.3237, Acc 90.25%
   New best model saved: 90.25%
Epoch 8/50 - 22.4s
  Train: Loss 0.1601, Acc 94.99%
  Val:   Loss 0.3241, Acc 89.29%
Epoch 9/50 - 22.3s
  Train: Loss 0.1339, Acc 96.04%
  Val:   Loss 0.3408, Acc 90.52%
   New best model saved: 90.52%
Epoch 10/50 - 22.3s
  Train: Loss 0.1047, Acc 96.95%
  Val:   Loss 0.3546, Acc 89.29%
  Saving progress curves to epoch_10.png...
Epoch 11/50 - 22.4s
  Train: Loss 0.0898, Acc 97.14%
  Val:   Loss 0.3505, Acc 89.15%
Epoch 12/50 - 22.3s
  Train: Loss 0.0672, Acc 98.23%
  Val:   Loss 0.3783, Acc 89.29%
Epoch 13/50 - 22.4s
  Train: Loss 0.0552, Acc 98.58%
  Val:   Loss 0.3726, Acc 91.07%
   New best model saved: 91.07%
Epoch 14/50 - 22.3s
  Train: Loss 0.0427, Acc 98.92%
  Val:   Loss 0.4035, Acc 89.42%
Epoch 15/50 - 22.5s
  Train: Loss 0.0372, Acc 99.16%
  Val:   Loss 0.4009, Acc 90.93%
Epoch 16/50 - 22.5s
  Train: Loss 0.0280, Acc 99.33%
  Val:   Loss 0.4196, Acc 90.11%
Epoch 17/50 - 22.6s
  Train: Loss 0.0256, Acc 99.40%
  Val:   Loss 0.4222, Acc 91.21%
   New best model saved: 91.21%
Epoch 18/50 - 22.4s
  Train: Loss 0.0184, Acc 99.64%
  Val:   Loss 0.4566, Acc 90.11%
Epoch 19/50 - 22.4s
  Train: Loss 0.0152, Acc 99.71%
  Val:   Loss 0.4574, Acc 90.66%
Epoch 20/50 - 22.3s
  Train: Loss 0.0150, Acc 99.66%
  Val:   Loss 0.4893, Acc 90.93%
  Saving progress curves to epoch_20.png...
Epoch 21/50 - 22.4s
  Train: Loss 0.0115, Acc 99.74%
  Val:   Loss 0.5043, Acc 90.52%
Epoch 22/50 - 22.5s
  Train: Loss 0.0096, Acc 99.85%
  Val:   Loss 0.5150, Acc 90.38%
Epoch 23/50 - 22.4s
  Train: Loss 0.0110, Acc 99.78%
  Val:   Loss 0.5031, Acc 89.84%
Epoch 24/50 - 22.3s
  Train: Loss 0.0087, Acc 99.83%
  Val:   Loss 0.5215, Acc 89.56%
Epoch 25/50 - 22.4s
  Train: Loss 0.0084, Acc 99.78%
  Val:   Loss 0.5363, Acc 90.25%
Epoch 26/50 - 22.4s
  Train: Loss 0.0059, Acc 99.90%
  Val:   Loss 0.5461, Acc 90.66%
Epoch 27/50 - 22.3s
  Train: Loss 0.0083, Acc 99.81%
  Val:   Loss 0.5387, Acc 90.66%
Epoch 28/50 - 22.4s
  Train: Loss 0.0054, Acc 99.91%
  Val:   Loss 0.5687, Acc 90.25%
Epoch 29/50 - 22.6s
  Train: Loss 0.0062, Acc 99.88%
  Val:   Loss 0.5788, Acc 89.97%
Epoch 30/50 - 22.5s
  Train: Loss 0.0072, Acc 99.83%
  Val:   Loss 0.5574, Acc 90.52%
  Saving progress curves to epoch_30.png...
Epoch 31/50 - 22.3s
  Train: Loss 0.0067, Acc 99.88%
  Val:   Loss 0.5701, Acc 90.38%
Epoch 32/50 - 22.3s
  Train: Loss 0.0049, Acc 99.90%
  Val:   Loss 0.5782, Acc 91.35%
   New best model saved: 91.35%
Epoch 33/50 - 22.4s
  Train: Loss 0.0044, Acc 99.90%
  Val:   Loss 0.5805, Acc 90.66%
Epoch 34/50 - 22.5s
  Train: Loss 0.0065, Acc 99.79%
  Val:   Loss 0.5637, Acc 91.35%
Epoch 35/50 - 22.4s
  Train: Loss 0.0055, Acc 99.90%
  Val:   Loss 0.5819, Acc 90.25%
Epoch 36/50 - 22.3s
  Train: Loss 0.0033, Acc 99.95%
  Val:   Loss 0.5644, Acc 90.93%
Epoch 37/50 - 22.3s
  Train: Loss 0.0038, Acc 99.95%
  Val:   Loss 0.5802, Acc 90.93%
Epoch 38/50 - 22.3s
  Train: Loss 0.0041, Acc 99.93%
  Val:   Loss 0.5815, Acc 90.52%
Epoch 39/50 - 22.4s
  Train: Loss 0.0027, Acc 100.00%
  Val:   Loss 0.5784, Acc 91.07%
Epoch 40/50 - 22.3s
  Train: Loss 0.0038, Acc 99.93%
  Val:   Loss 0.5725, Acc 90.66%
  Saving progress curves to epoch_40.png...
Epoch 41/50 - 22.3s
  Train: Loss 0.0028, Acc 99.97%
  Val:   Loss 0.5804, Acc 90.80%
Epoch 42/50 - 22.3s
  Train: Loss 0.0024, Acc 99.97%
  Val:   Loss 0.5898, Acc 90.66%
Epoch 43/50 - 22.3s
  Train: Loss 0.0065, Acc 99.90%
  Val:   Loss 0.5940, Acc 90.93%
Epoch 44/50 - 22.3s
  Train: Loss 0.0042, Acc 99.93%
  Val:   Loss 0.5856, Acc 90.80%
Epoch 45/50 - 22.3s
  Train: Loss 0.0034, Acc 99.95%
  Val:   Loss 0.5853, Acc 90.66%
Epoch 46/50 - 22.4s
  Train: Loss 0.0033, Acc 99.91%
  Val:   Loss 0.5813, Acc 91.07%
Epoch 47/50 - 22.4s
  Train: Loss 0.0035, Acc 99.91%
  Val:   Loss 0.5827, Acc 91.07%
Epoch 48/50 - 22.3s
  Train: Loss 0.0040, Acc 99.93%
  Val:   Loss 0.5835, Acc 91.07%
Epoch 49/50 - 22.4s
  Train: Loss 0.0040, Acc 99.90%
  Val:   Loss 0.5837, Acc 91.07%
Epoch 50/50 - 22.4s
  Train: Loss 0.0029, Acc 99.95%
  Val:   Loss 0.5831, Acc 91.07%
  Saving progress curves to epoch_50.png...

 Evaluating Imagenet on test set...
  Loaded best model from epoch 32 (Val Acc: 91.35%)
Test Accuracy: 0.9041
 Completed imagenet: Test Acc = 0.9041

============================================================
 PROCESSING EXFRACTAL PRE-TRAINING
============================================================
 Loading exfractal model...
Loaded 87,079,364 parameters from exfractal

Training exfractal
==================================================
Epoch 1/50 - 22.3s
  Train: Loss 2.3463, Acc 42.43%
  Val:   Loss 1.0767, Acc 71.02%
  New best model saved: 71.02%
Epoch 2/50 - 22.4s
  Train: Loss 0.7991, Acc 79.40%
  Val:   Loss 0.5056, Acc 84.75%
   New best model saved: 84.75%
Epoch 3/50 - 22.4s
  Train: Loss 0.4848, Acc 86.16%
  Val:   Loss 0.3915, Acc 88.05%
  New best model saved: 88.05%
Epoch 4/50 - 22.3s
  Train: Loss 0.3653, Acc 89.17%
  Val:   Loss 0.3512, Acc 89.15%
  New best model saved: 89.15%
Epoch 5/50 - 22.5s
  Train: Loss 0.2831, Acc 91.35%
  Val:   Loss 0.3190, Acc 90.11%
   New best model saved: 90.11%
Epoch 6/50 - 22.5s
  Train: Loss 0.2276, Acc 93.14%
  Val:   Loss 0.3283, Acc 89.56%
Epoch 7/50 - 22.4s
  Train: Loss 0.1905, Acc 94.39%
  Val:   Loss 0.3296, Acc 89.97%
Epoch 8/50 - 22.5s
  Train: Loss 0.1581, Acc 94.94%
  Val:   Loss 0.3078, Acc 90.66%
  New best model saved: 90.66%
Epoch 9/50 - 22.3s
  Train: Loss 0.1270, Acc 96.09%
  Val:   Loss 0.3392, Acc 90.25%
Epoch 10/50 - 22.3s
  Train: Loss 0.1053, Acc 96.74%
  Val:   Loss 0.3383, Acc 89.97%
  Saving progress curves to epoch_10.png...
Epoch 11/50 - 22.3s
  Train: Loss 0.0869, Acc 97.32%
  Val:   Loss 0.3291, Acc 91.35%
   New best model saved: 91.35%
Epoch 12/50 - 22.3s
  Train: Loss 0.0649, Acc 98.18%
  Val:   Loss 0.3601, Acc 91.62%
   New best model saved: 91.62%
Epoch 13/50 - 22.3s
  Train: Loss 0.0552, Acc 98.54%
  Val:   Loss 0.3700, Acc 91.48%
Epoch 14/50 - 22.3s
  Train: Loss 0.0423, Acc 98.82%
  Val:   Loss 0.4039, Acc 90.38%
Epoch 15/50 - 22.4s
  Train: Loss 0.0345, Acc 99.06%
  Val:   Loss 0.4088, Acc 90.93%
Epoch 16/50 - 22.4s
  Train: Loss 0.0290, Acc 99.25%
  Val:   Loss 0.4326, Acc 90.80%
Epoch 17/50 - 22.5s
  Train: Loss 0.0231, Acc 99.50%
  Val:   Loss 0.4046, Acc 91.62%
Epoch 18/50 - 22.3s
  Train: Loss 0.0194, Acc 99.42%
  Val:   Loss 0.4180, Acc 91.07%
Epoch 19/50 - 22.3s
  Train: Loss 0.0169, Acc 99.50%
  Val:   Loss 0.4349, Acc 90.66%
Epoch 20/50 - 22.4s
  Train: Loss 0.0139, Acc 99.54%
  Val:   Loss 0.4483, Acc 91.48%
  Saving progress curves to epoch_20.png...
Epoch 21/50 - 22.3s
  Train: Loss 0.0130, Acc 99.66%
  Val:   Loss 0.4634, Acc 91.48%
Epoch 22/50 - 22.6s
  Train: Loss 0.0100, Acc 99.69%
  Val:   Loss 0.4759, Acc 91.21%
Epoch 23/50 - 22.7s
  Train: Loss 0.0112, Acc 99.69%
  Val:   Loss 0.4739, Acc 90.80%
Epoch 24/50 - 22.5s
  Train: Loss 0.0094, Acc 99.73%
  Val:   Loss 0.4929, Acc 91.21%
Epoch 25/50 - 32.9s
  Train: Loss 0.0071, Acc 99.85%
  Val:   Loss 0.4932, Acc 90.93%
Epoch 26/50 - 22.3s
  Train: Loss 0.0088, Acc 99.74%
  Val:   Loss 0.5097, Acc 90.38%
Epoch 27/50 - 22.4s
  Train: Loss 0.0084, Acc 99.76%
  Val:   Loss 0.5122, Acc 90.66%
Epoch 28/50 - 22.3s
  Train: Loss 0.0069, Acc 99.78%
  Val:   Loss 0.5221, Acc 90.93%
Epoch 29/50 - 22.4s
  Train: Loss 0.0062, Acc 99.86%
  Val:   Loss 0.5362, Acc 91.21%
Epoch 30/50 - 22.4s
  Train: Loss 0.0051, Acc 99.88%
  Val:   Loss 0.5442, Acc 90.66%
  Saving progress curves to epoch_30.png...
Epoch 31/50 - 22.4s
  Train: Loss 0.0061, Acc 99.86%
  Val:   Loss 0.5366, Acc 90.93%
Epoch 32/50 - 22.3s
  Train: Loss 0.0038, Acc 99.93%
  Val:   Loss 0.5413, Acc 91.07%
Epoch 33/50 - 22.3s
  Train: Loss 0.0051, Acc 99.88%
  Val:   Loss 0.5629, Acc 91.21%
Epoch 34/50 - 22.4s
  Train: Loss 0.0033, Acc 99.93%
  Val:   Loss 0.5549, Acc 91.35%
Epoch 35/50 - 22.4s
  Train: Loss 0.0035, Acc 99.95%
  Val:   Loss 0.5365, Acc 91.07%
Epoch 36/50 - 22.4s
  Train: Loss 0.0038, Acc 99.91%
  Val:   Loss 0.5610, Acc 90.93%
Epoch 37/50 - 22.4s
  Train: Loss 0.0031, Acc 99.93%
  Val:   Loss 0.5610, Acc 90.52%
Epoch 38/50 - 22.4s
  Train: Loss 0.0040, Acc 99.90%
  Val:   Loss 0.5550, Acc 90.80%
Epoch 39/50 - 22.3s
  Train: Loss 0.0038, Acc 99.90%
  Val:   Loss 0.5586, Acc 90.52%
Epoch 40/50 - 22.5s
  Train: Loss 0.0044, Acc 99.88%
  Val:   Loss 0.5540, Acc 90.38%
  Saving progress curves to epoch_40.png...
Epoch 41/50 - 22.4s
  Train: Loss 0.0030, Acc 99.95%
  Val:   Loss 0.5543, Acc 90.52%
Epoch 42/50 - 22.3s
  Train: Loss 0.0015, Acc 100.00%
  Val:   Loss 0.5634, Acc 90.80%
Epoch 43/50 - 22.3s
  Train: Loss 0.0035, Acc 99.90%
  Val:   Loss 0.5679, Acc 91.07%
Epoch 44/50 - 22.5s
  Train: Loss 0.0025, Acc 99.93%
  Val:   Loss 0.5647, Acc 90.66%
Epoch 45/50 - 22.4s
  Train: Loss 0.0058, Acc 99.88%
  Val:   Loss 0.5620, Acc 90.93%
Epoch 46/50 - 22.3s
  Train: Loss 0.0025, Acc 99.97%
  Val:   Loss 0.5607, Acc 90.93%
Epoch 47/50 - 22.5s
  Train: Loss 0.0025, Acc 99.95%
  Val:   Loss 0.5593, Acc 90.80%
Epoch 48/50 - 22.4s
  Train: Loss 0.0033, Acc 99.90%
  Val:   Loss 0.5604, Acc 91.07%
Epoch 49/50 - 22.3s
  Train: Loss 0.0025, Acc 99.95%
  Val:   Loss 0.5611, Acc 90.93%
Epoch 50/50 - 22.5s
  Train: Loss 0.0021, Acc 99.97%
  Val:   Loss 0.5611, Acc 90.93%
  Saving progress curves to epoch_50.png...

 Evaluating exfractal on test set...
  Loaded best model from epoch 12 (Val Acc: 91.62%)
 Test Accuracy: 0.9000
 Completed exfractal: Test Acc = 0.9000

============================================================
PROCESSING RCDB PRE-TRAINING
============================================================
Loading rcdb model...
 Loaded 87,079,364 parameters from rcdb

 Training rcdb
==================================================
Epoch 1/50 - 22.4s
  Train: Loss 2.6115, Acc 30.93%
  Val:   Loss 1.6341, Acc 55.63%
   New best model saved: 55.63%
Epoch 2/50 - 22.3s
  Train: Loss 1.4334, Acc 59.50%
  Val:   Loss 1.0939, Acc 67.45%
   New best model saved: 67.45%
Epoch 3/50 - 22.5s
  Train: Loss 1.0672, Acc 68.73%
  Val:   Loss 0.9096, Acc 73.90%
  New best model saved: 73.90%
Epoch 4/50 - 22.4s
  Train: Loss 0.8757, Acc 74.08%
  Val:   Loss 0.7885, Acc 77.88%
   New best model saved: 77.88%
Epoch 5/50 - 22.3s
  Train: Loss 0.7458, Acc 77.58%
  Val:   Loss 0.6901, Acc 79.67%
  New best model saved: 79.67%
Epoch 6/50 - 22.4s
  Train: Loss 0.6386, Acc 80.94%
  Val:   Loss 0.6475, Acc 80.36%
   New best model saved: 80.36%
Epoch 7/50 - 22.5s
  Train: Loss 0.5460, Acc 83.26%
  Val:   Loss 0.5882, Acc 81.87%
   New best model saved: 81.87%
Epoch 8/50 - 22.4s
  Train: Loss 0.4805, Acc 85.43%
  Val:   Loss 0.5867, Acc 83.10%
   New best model saved: 83.10%
Epoch 9/50 - 22.4s
  Train: Loss 0.4261, Acc 86.70%
  Val:   Loss 0.5990, Acc 81.87%
Epoch 10/50 - 22.4s
  Train: Loss 0.3793, Acc 88.16%
  Val:   Loss 0.5289, Acc 84.48%
   New best model saved: 84.48%
  Saving progress curves to epoch_10.png...
Epoch 11/50 - 22.4s
  Train: Loss 0.3374, Acc 89.45%
  Val:   Loss 0.5527, Acc 83.10%
Epoch 12/50 - 22.4s
  Train: Loss 0.2963, Acc 90.58%
  Val:   Loss 0.5416, Acc 84.07%
Epoch 13/50 - 22.5s
  Train: Loss 0.2621, Acc 91.71%
  Val:   Loss 0.5453, Acc 84.75%
  New best model saved: 84.75%
Epoch 14/50 - 22.6s
  Train: Loss 0.2352, Acc 92.59%
  Val:   Loss 0.5469, Acc 85.30%
  New best model saved: 85.30%
Epoch 15/50 - 22.5s
  Train: Loss 0.2154, Acc 93.17%
  Val:   Loss 0.5740, Acc 85.03%
Epoch 16/50 - 22.4s
  Train: Loss 0.1974, Acc 93.74%
  Val:   Loss 0.5655, Acc 85.16%
Epoch 17/50 - 22.4s
  Train: Loss 0.1692, Acc 94.51%
  Val:   Loss 0.5677, Acc 86.13%
   New best model saved: 86.13%
Epoch 18/50 - 22.5s
  Train: Loss 0.1554, Acc 95.20%
  Val:   Loss 0.6093, Acc 85.30%
Epoch 19/50 - 22.3s
  Train: Loss 0.1353, Acc 95.88%
  Val:   Loss 0.6059, Acc 85.85%
Epoch 20/50 - 22.5s
  Train: Loss 0.1344, Acc 95.85%
  Val:   Loss 0.6104, Acc 85.58%
  Saving progress curves to epoch_20.png...
Epoch 21/50 - 22.5s
  Train: Loss 0.1099, Acc 96.52%
  Val:   Loss 0.6368, Acc 85.99%
Epoch 22/50 - 22.4s
  Train: Loss 0.1083, Acc 96.59%
  Val:   Loss 0.6807, Acc 84.62%
Epoch 23/50 - 22.4s
  Train: Loss 0.0972, Acc 96.84%
  Val:   Loss 0.6645, Acc 85.58%
Epoch 24/50 - 22.4s
  Train: Loss 0.0904, Acc 97.36%
  Val:   Loss 0.6747, Acc 85.99%
Epoch 25/50 - 22.3s
  Train: Loss 0.0761, Acc 97.65%
  Val:   Loss 0.6719, Acc 86.26%
   New best model saved: 86.26%
Epoch 26/50 - 22.4s
  Train: Loss 0.0778, Acc 97.62%
  Val:   Loss 0.7424, Acc 84.75%
Epoch 27/50 - 22.4s
  Train: Loss 0.0653, Acc 97.89%
  Val:   Loss 0.7057, Acc 86.13%
Epoch 28/50 - 22.4s
  Train: Loss 0.0600, Acc 98.23%
  Val:   Loss 0.7614, Acc 85.58%
Epoch 29/50 - 22.4s
  Train: Loss 0.0631, Acc 98.10%
  Val:   Loss 0.7477, Acc 85.71%
Epoch 30/50 - 22.4s
  Train: Loss 0.0558, Acc 98.44%
  Val:   Loss 0.7531, Acc 85.99%
  Saving progress curves to epoch_30.png...
Epoch 31/50 - 22.3s
  Train: Loss 0.0477, Acc 98.58%
  Val:   Loss 0.8303, Acc 84.75%
Epoch 32/50 - 22.4s
  Train: Loss 0.0524, Acc 98.66%
  Val:   Loss 0.7805, Acc 85.58%
Epoch 33/50 - 22.4s
  Train: Loss 0.0426, Acc 98.68%
  Val:   Loss 0.7881, Acc 85.44%
Epoch 34/50 - 22.4s
  Train: Loss 0.0387, Acc 98.94%
  Val:   Loss 0.8219, Acc 84.89%
Epoch 35/50 - 22.4s
  Train: Loss 0.0378, Acc 98.90%
  Val:   Loss 0.8292, Acc 85.30%
Epoch 36/50 - 22.4s
  Train: Loss 0.0420, Acc 98.76%
  Val:   Loss 0.8330, Acc 85.30%
Epoch 37/50 - 22.4s
  Train: Loss 0.0394, Acc 99.06%
  Val:   Loss 0.8525, Acc 85.30%
Epoch 38/50 - 22.3s
  Train: Loss 0.0430, Acc 98.83%
  Val:   Loss 0.8531, Acc 84.89%
Epoch 39/50 - 22.4s
  Train: Loss 0.0402, Acc 98.83%
  Val:   Loss 0.8524, Acc 84.75%
Epoch 40/50 - 22.3s
  Train: Loss 0.0313, Acc 99.06%
  Val:   Loss 0.8462, Acc 85.58%
  Saving progress curves to epoch_40.png...
Epoch 41/50 - 22.4s
  Train: Loss 0.0372, Acc 98.95%
  Val:   Loss 0.8588, Acc 85.03%
Epoch 42/50 - 22.4s
  Train: Loss 0.0356, Acc 99.02%
  Val:   Loss 0.8614, Acc 85.58%
Epoch 43/50 - 22.4s
  Train: Loss 0.0310, Acc 99.07%
  Val:   Loss 0.8614, Acc 85.16%
Epoch 44/50 - 22.3s
  Train: Loss 0.0286, Acc 99.13%
  Val:   Loss 0.8575, Acc 85.30%
Epoch 45/50 - 22.4s
  Train: Loss 0.0267, Acc 99.25%
  Val:   Loss 0.8682, Acc 85.30%
Epoch 46/50 - 22.4s
  Train: Loss 0.0299, Acc 99.23%
  Val:   Loss 0.8616, Acc 85.03%
Epoch 47/50 - 22.3s
  Train: Loss 0.0314, Acc 99.18%
  Val:   Loss 0.8598, Acc 85.30%
Epoch 48/50 - 22.4s
  Train: Loss 0.0293, Acc 99.18%
  Val:   Loss 0.8579, Acc 85.44%
Epoch 49/50 - 22.4s
  Train: Loss 0.0319, Acc 99.14%
  Val:   Loss 0.8599, Acc 85.30%
Epoch 50/50 - 22.3s
  Train: Loss 0.0356, Acc 98.95%
  Val:   Loss 0.8608, Acc 85.30%
  Saving progress curves to epoch_50.png...

 Evaluating rcdb on test set...
  Loaded best model from epoch 25 (Val Acc: 86.26%)
 Test Accuracy: 0.8726
Completed rcdb: Test Acc = 0.8726


==================== STARTING REPLICATE 3/3 ====================

============================================================
PROCESSING IMAGENET PRE-TRAINING
============================================================
Loading imagenet model...
Loaded 87,079,364 parameters from imagenet

Training imagenet
==================================================
Epoch 1/50 - 22.4s
  Train: Loss 1.8890, Acc 56.06%
  Val:   Loss 0.7859, Acc 78.85%
   New best model saved: 78.85%
Epoch 2/50 - 22.4s
  Train: Loss 0.6723, Acc 82.54%
  Val:   Loss 0.4879, Acc 84.75%
  New best model saved: 84.75%
Epoch 3/50 - 22.3s
  Train: Loss 0.4506, Acc 87.06%
  Val:   Loss 0.3978, Acc 86.95%
  New best model saved: 86.95%
Epoch 4/50 - 35.9s
  Train: Loss 0.3429, Acc 90.14%
  Val:   Loss 0.3730, Acc 88.19%
   New best model saved: 88.19%
Epoch 5/50 - 22.4s
  Train: Loss 0.2752, Acc 91.95%
  Val:   Loss 0.3475, Acc 88.19%
Epoch 6/50 - 22.5s
  Train: Loss 0.2270, Acc 93.00%
  Val:   Loss 0.3422, Acc 88.74%
   New best model saved: 88.74%
Epoch 7/50 - 22.5s
  Train: Loss 0.1886, Acc 94.30%
  Val:   Loss 0.3336, Acc 88.74%
Epoch 8/50 - 22.6s
  Train: Loss 0.1492, Acc 95.57%
  Val:   Loss 0.3538, Acc 89.29%
   New best model saved: 89.29%
Epoch 9/50 - 22.6s
  Train: Loss 0.1260, Acc 96.35%
  Val:   Loss 0.3525, Acc 89.97%
  New best model saved: 89.97%
Epoch 10/50 - 22.4s
  Train: Loss 0.1051, Acc 97.01%
  Val:   Loss 0.3591, Acc 89.29%
  Saving progress curves to epoch_10.png...
Epoch 11/50 - 22.4s
  Train: Loss 0.0829, Acc 97.80%
  Val:   Loss 0.3897, Acc 89.84%
Epoch 12/50 - 22.3s
  Train: Loss 0.0669, Acc 98.18%
  Val:   Loss 0.4026, Acc 89.84%
Epoch 13/50 - 22.5s
  Train: Loss 0.0562, Acc 98.51%
  Val:   Loss 0.4189, Acc 89.01%
Epoch 14/50 - 22.4s
  Train: Loss 0.0430, Acc 98.92%
  Val:   Loss 0.4211, Acc 88.87%
Epoch 15/50 - 22.4s
  Train: Loss 0.0335, Acc 99.23%
  Val:   Loss 0.4369, Acc 89.29%
Epoch 16/50 - 22.3s
  Train: Loss 0.0328, Acc 99.30%
  Val:   Loss 0.4730, Acc 88.74%
Epoch 17/50 - 22.4s
  Train: Loss 0.0274, Acc 99.37%
  Val:   Loss 0.4718, Acc 89.70%
Epoch 18/50 - 22.3s
  Train: Loss 0.0204, Acc 99.64%
  Val:   Loss 0.4699, Acc 89.56%
Epoch 19/50 - 22.3s
  Train: Loss 0.0164, Acc 99.67%
  Val:   Loss 0.4696, Acc 90.25%
   New best model saved: 90.25%
Epoch 20/50 - 22.4s
  Train: Loss 0.0157, Acc 99.67%
  Val:   Loss 0.5211, Acc 89.56%
  Saving progress curves to epoch_20.png...
Epoch 21/50 - 22.4s
  Train: Loss 0.0137, Acc 99.67%
  Val:   Loss 0.5285, Acc 89.70%
Epoch 22/50 - 22.4s
  Train: Loss 0.0117, Acc 99.74%
  Val:   Loss 0.5492, Acc 89.29%
Epoch 23/50 - 22.4s
  Train: Loss 0.0112, Acc 99.78%
  Val:   Loss 0.5701, Acc 89.56%
Epoch 24/50 - 22.3s
  Train: Loss 0.0091, Acc 99.83%
  Val:   Loss 0.5810, Acc 89.15%
Epoch 25/50 - 22.5s
  Train: Loss 0.0082, Acc 99.81%
  Val:   Loss 0.5849, Acc 89.29%
Epoch 26/50 - 22.5s
  Train: Loss 0.0081, Acc 99.83%
  Val:   Loss 0.5986, Acc 89.42%
Epoch 27/50 - 22.4s
  Train: Loss 0.0070, Acc 99.91%
  Val:   Loss 0.5892, Acc 89.70%
Epoch 28/50 - 22.4s
  Train: Loss 0.0068, Acc 99.86%
  Val:   Loss 0.6023, Acc 89.15%
Epoch 29/50 - 22.4s
  Train: Loss 0.0057, Acc 99.90%
  Val:   Loss 0.6087, Acc 89.70%
Epoch 30/50 - 22.4s
  Train: Loss 0.0080, Acc 99.85%
  Val:   Loss 0.6101, Acc 89.56%
  Saving progress curves to epoch_30.png...
Epoch 31/50 - 22.3s
  Train: Loss 0.0041, Acc 99.93%
  Val:   Loss 0.6089, Acc 89.56%
Epoch 32/50 - 22.6s
  Train: Loss 0.0048, Acc 99.93%
  Val:   Loss 0.6626, Acc 88.60%
Epoch 33/50 - 22.4s
  Train: Loss 0.0043, Acc 99.95%
  Val:   Loss 0.6276, Acc 89.15%
Epoch 34/50 - 22.4s
  Train: Loss 0.0033, Acc 99.95%
  Val:   Loss 0.6504, Acc 89.56%
Epoch 35/50 - 22.4s
  Train: Loss 0.0062, Acc 99.85%
  Val:   Loss 0.6436, Acc 89.70%
Epoch 36/50 - 22.5s
  Train: Loss 0.0045, Acc 99.91%
  Val:   Loss 0.6516, Acc 89.29%
Epoch 37/50 - 22.4s
  Train: Loss 0.0042, Acc 99.93%
  Val:   Loss 0.6441, Acc 89.70%
Epoch 38/50 - 22.4s
  Train: Loss 0.0029, Acc 99.97%
  Val:   Loss 0.6619, Acc 89.29%
Epoch 39/50 - 22.3s
  Train: Loss 0.0029, Acc 99.97%
  Val:   Loss 0.6543, Acc 89.29%
Epoch 40/50 - 22.3s
  Train: Loss 0.0034, Acc 99.93%
  Val:   Loss 0.6548, Acc 89.15%
  Saving progress curves to epoch_40.png...
Epoch 41/50 - 22.4s
  Train: Loss 0.0034, Acc 99.95%
  Val:   Loss 0.6648, Acc 89.15%
Epoch 42/50 - 22.3s
  Train: Loss 0.0039, Acc 99.91%
  Val:   Loss 0.6594, Acc 89.42%
Epoch 43/50 - 22.5s
  Train: Loss 0.0035, Acc 99.90%
  Val:   Loss 0.6543, Acc 89.56%
Epoch 44/50 - 22.3s
  Train: Loss 0.0036, Acc 99.93%
  Val:   Loss 0.6585, Acc 89.56%
Epoch 45/50 - 22.3s
  Train: Loss 0.0028, Acc 99.97%
  Val:   Loss 0.6605, Acc 89.42%
Epoch 46/50 - 22.4s
  Train: Loss 0.0044, Acc 99.93%
  Val:   Loss 0.6602, Acc 89.42%
Epoch 47/50 - 22.3s
  Train: Loss 0.0032, Acc 99.95%
  Val:   Loss 0.6597, Acc 89.15%
Epoch 48/50 - 22.3s
  Train: Loss 0.0030, Acc 99.91%
  Val:   Loss 0.6614, Acc 89.15%
Epoch 49/50 - 22.3s
  Train: Loss 0.0023, Acc 100.00%
  Val:   Loss 0.6619, Acc 89.29%
Epoch 50/50 - 22.4s
  Train: Loss 0.0033, Acc 99.98%
  Val:   Loss 0.6620, Acc 89.29%
  Saving progress curves to epoch_50.png...

Evaluating imagenet on test set...
  Loaded best model from epoch 19 (Val Acc: 90.25%)
 Test Accuracy: 0.9055
 Completed imagenet: Test Acc = 0.9055

============================================================
 PROCESSING EXFRACTAL PRE-TRAINING
============================================================
Loading exfractal model...
 Loaded 87,079,364 parameters from exfractal

Training exfractal
==================================================
Epoch 1/50 - 22.7s
  Train: Loss 2.2409, Acc 46.65%
  Val:   Loss 0.9167, Acc 75.69%
   New best model saved: 75.69%
Epoch 2/50 - 22.5s
  Train: Loss 0.7383, Acc 80.56%
  Val:   Loss 0.4710, Acc 85.85%
   New best model saved: 85.85%
Epoch 3/50 - 22.4s
  Train: Loss 0.4578, Acc 86.67%
  Val:   Loss 0.3466, Acc 89.15%
   New best model saved: 89.15%
Epoch 4/50 - 22.4s
  Train: Loss 0.3435, Acc 89.81%
  Val:   Loss 0.3281, Acc 88.19%
Epoch 5/50 - 22.5s
  Train: Loss 0.2763, Acc 91.70%
  Val:   Loss 0.2906, Acc 91.35%
   New best model saved: 91.35%
Epoch 6/50 - 22.3s
  Train: Loss 0.2225, Acc 92.91%
  Val:   Loss 0.2823, Acc 90.11%
Epoch 7/50 - 22.3s
  Train: Loss 0.1794, Acc 94.49%
  Val:   Loss 0.2876, Acc 91.62%
   New best model saved: 91.62%
Epoch 8/50 - 22.4s
  Train: Loss 0.1462, Acc 95.25%
  Val:   Loss 0.2834, Acc 91.48%
Epoch 9/50 - 22.4s
  Train: Loss 0.1173, Acc 96.40%
  Val:   Loss 0.2875, Acc 91.07%
Epoch 10/50 - 22.4s
  Train: Loss 0.0973, Acc 96.95%
  Val:   Loss 0.2907, Acc 90.52%
  Saving progress curves to epoch_10.png...
Epoch 11/50 - 22.4s
  Train: Loss 0.0744, Acc 97.75%
  Val:   Loss 0.2965, Acc 91.62%
Epoch 12/50 - 22.3s
  Train: Loss 0.0635, Acc 98.03%
  Val:   Loss 0.3268, Acc 91.62%
Epoch 13/50 - 22.4s
  Train: Loss 0.0493, Acc 98.68%
  Val:   Loss 0.3312, Acc 91.35%
Epoch 14/50 - 22.4s
  Train: Loss 0.0394, Acc 98.97%
  Val:   Loss 0.3566, Acc 90.52%
Epoch 15/50 - 22.3s
  Train: Loss 0.0334, Acc 99.11%
  Val:   Loss 0.3383, Acc 90.66%
Epoch 16/50 - 22.4s
  Train: Loss 0.0294, Acc 99.21%
  Val:   Loss 0.3704, Acc 90.66%
Epoch 17/50 - 22.4s
  Train: Loss 0.0192, Acc 99.50%
  Val:   Loss 0.3778, Acc 91.62%
Epoch 18/50 - 22.5s
  Train: Loss 0.0171, Acc 99.64%
  Val:   Loss 0.3653, Acc 92.17%
   New best model saved: 92.17%
Epoch 19/50 - 22.4s
  Train: Loss 0.0166, Acc 99.66%
  Val:   Loss 0.4143, Acc 91.62%
Epoch 20/50 - 22.4s
  Train: Loss 0.0139, Acc 99.73%
  Val:   Loss 0.3854, Acc 91.62%
  Saving progress curves to epoch_20.png...
Epoch 21/50 - 22.4s
  Train: Loss 0.0149, Acc 99.74%
  Val:   Loss 0.4147, Acc 92.03%
Epoch 22/50 - 22.4s
  Train: Loss 0.0086, Acc 99.83%
  Val:   Loss 0.4164, Acc 91.90%
Epoch 23/50 - 22.4s
  Train: Loss 0.0097, Acc 99.71%
  Val:   Loss 0.4380, Acc 90.93%
Epoch 24/50 - 22.3s
  Train: Loss 0.0087, Acc 99.81%
  Val:   Loss 0.4260, Acc 91.35%
Epoch 25/50 - 22.5s
  Train: Loss 0.0091, Acc 99.78%
  Val:   Loss 0.4476, Acc 91.62%
Epoch 26/50 - 22.4s
  Train: Loss 0.0061, Acc 99.85%
  Val:   Loss 0.4399, Acc 91.90%
Epoch 27/50 - 22.5s
  Train: Loss 0.0092, Acc 99.79%
  Val:   Loss 0.4536, Acc 91.90%
Epoch 28/50 - 22.4s
  Train: Loss 0.0062, Acc 99.85%
  Val:   Loss 0.4809, Acc 90.66%
Epoch 29/50 - 22.2s
  Train: Loss 0.0043, Acc 99.91%
  Val:   Loss 0.4929, Acc 91.76%
Epoch 30/50 - 22.4s
  Train: Loss 0.0065, Acc 99.88%
  Val:   Loss 0.4752, Acc 91.48%
  Saving progress curves to epoch_30.png...
Epoch 31/50 - 22.4s
  Train: Loss 0.0044, Acc 99.91%
  Val:   Loss 0.4592, Acc 91.76%
Epoch 32/50 - 22.4s
  Train: Loss 0.0035, Acc 99.95%
  Val:   Loss 0.4622, Acc 91.62%
Epoch 33/50 - 34.8s
  Train: Loss 0.0047, Acc 99.86%
  Val:   Loss 0.4844, Acc 91.48%
Epoch 34/50 - 22.4s
  Train: Loss 0.0042, Acc 99.95%
  Val:   Loss 0.4824, Acc 91.07%
Epoch 35/50 - 22.4s
  Train: Loss 0.0042, Acc 99.90%
  Val:   Loss 0.4710, Acc 91.90%
Epoch 36/50 - 22.3s
  Train: Loss 0.0046, Acc 99.93%
  Val:   Loss 0.4896, Acc 92.03%
Epoch 37/50 - 22.4s
  Train: Loss 0.0035, Acc 99.91%
  Val:   Loss 0.5148, Acc 91.21%
Epoch 38/50 - 22.4s
  Train: Loss 0.0028, Acc 99.97%
  Val:   Loss 0.5187, Acc 91.21%
Epoch 39/50 - 22.3s
  Train: Loss 0.0032, Acc 99.91%
  Val:   Loss 0.5012, Acc 91.62%
Epoch 40/50 - 22.4s
  Train: Loss 0.0025, Acc 99.98%
  Val:   Loss 0.5013, Acc 91.48%
  Saving progress curves to epoch_40.png...
Epoch 41/50 - 22.5s
  Train: Loss 0.0037, Acc 99.95%
  Val:   Loss 0.5140, Acc 91.35%
Epoch 42/50 - 22.6s
  Train: Loss 0.0029, Acc 99.90%
  Val:   Loss 0.5148, Acc 91.76%
Epoch 43/50 - 22.5s
  Train: Loss 0.0023, Acc 99.95%
  Val:   Loss 0.5061, Acc 91.90%
Epoch 44/50 - 22.6s
  Train: Loss 0.0023, Acc 99.97%
  Val:   Loss 0.5023, Acc 91.76%
Epoch 45/50 - 22.4s
  Train: Loss 0.0024, Acc 99.90%
  Val:   Loss 0.5018, Acc 91.62%
Epoch 46/50 - 22.4s
  Train: Loss 0.0030, Acc 99.91%
  Val:   Loss 0.5038, Acc 91.76%
Epoch 47/50 - 22.3s
  Train: Loss 0.0019, Acc 99.98%
  Val:   Loss 0.5043, Acc 91.48%
Epoch 48/50 - 22.4s
  Train: Loss 0.0042, Acc 99.91%
  Val:   Loss 0.5012, Acc 91.48%
Epoch 49/50 - 22.4s
  Train: Loss 0.0027, Acc 99.97%
  Val:   Loss 0.5009, Acc 91.48%
Epoch 50/50 - 22.4s
  Train: Loss 0.0034, Acc 99.93%
  Val:   Loss 0.5008, Acc 91.48%
  Saving progress curves to epoch_50.png...

 Evaluating exfractal on test set...
  Loaded best model from epoch 18 (Val Acc: 92.17%)
 Test Accuracy: 0.9164
 Completed exfractal: Test Acc = 0.9164

============================================================
 PROCESSING RCDB PRE-TRAINING
============================================================
Loading rcdb model...
Loaded 87,079,364 parameters from rcdb

Training rcdb
==================================================
Epoch 1/50 - 22.5s
  Train: Loss 2.6884, Acc 28.12%
  Val:   Loss 1.7653, Acc 49.31%
   New best model saved: 49.31%
Epoch 2/50 - 22.4s
  Train: Loss 1.5198, Acc 58.43%
  Val:   Loss 1.1574, Acc 68.54%
   New best model saved: 68.54%
Epoch 3/50 - 22.3s
  Train: Loss 1.0692, Acc 70.17%
  Val:   Loss 0.8969, Acc 72.94%
   New best model saved: 72.94%
Epoch 4/50 - 22.4s
  Train: Loss 0.8602, Acc 75.30%
  Val:   Loss 0.7656, Acc 75.96%
   New best model saved: 75.96%
Epoch 5/50 - 22.4s
  Train: Loss 0.7071, Acc 78.66%
  Val:   Loss 0.6789, Acc 79.26%
   New best model saved: 79.26%
Epoch 6/50 - 22.4s
  Train: Loss 0.6175, Acc 81.59%
  Val:   Loss 0.6086, Acc 81.46%
   New best model saved: 81.46%
Epoch 7/50 - 22.4s
  Train: Loss 0.5305, Acc 83.79%
  Val:   Loss 0.5916, Acc 80.63%
Epoch 8/50 - 22.4s
  Train: Loss 0.4694, Acc 85.55%
  Val:   Loss 0.5689, Acc 82.42%
   New best model saved: 82.42%
Epoch 9/50 - 22.4s
  Train: Loss 0.4234, Acc 87.20%
  Val:   Loss 0.5600, Acc 82.14%
Epoch 10/50 - 22.5s
  Train: Loss 0.3712, Acc 88.21%
  Val:   Loss 0.5254, Acc 83.38%
   New best model saved: 83.38%
  Saving progress curves to epoch_10.png...
Epoch 11/50 - 22.6s
  Train: Loss 0.3271, Acc 90.03%
  Val:   Loss 0.5469, Acc 82.69%
Epoch 12/50 - 22.4s
  Train: Loss 0.2933, Acc 90.79%
  Val:   Loss 0.5314, Acc 83.52%
   New best model saved: 83.52%
Epoch 13/50 - 22.4s
  Train: Loss 0.2755, Acc 91.25%
  Val:   Loss 0.5484, Acc 82.55%
Epoch 14/50 - 22.4s
  Train: Loss 0.2435, Acc 92.25%
  Val:   Loss 0.5607, Acc 83.79%
   New best model saved: 83.79%
Epoch 15/50 - 22.4s
  Train: Loss 0.2223, Acc 93.07%
  Val:   Loss 0.5689, Acc 84.07%
   New best model saved: 84.07%
Epoch 16/50 - 22.4s
  Train: Loss 0.1903, Acc 94.08%
  Val:   Loss 0.5661, Acc 84.75%
   New best model saved: 84.75%
Epoch 17/50 - 22.5s
  Train: Loss 0.1721, Acc 94.49%
  Val:   Loss 0.6062, Acc 84.62%
Epoch 18/50 - 22.6s
  Train: Loss 0.1543, Acc 95.37%
  Val:   Loss 0.5864, Acc 84.62%
Epoch 19/50 - 22.5s
  Train: Loss 0.1465, Acc 95.49%
  Val:   Loss 0.5845, Acc 85.16%
   New best model saved: 85.16%
Epoch 20/50 - 22.4s
  Train: Loss 0.1282, Acc 96.00%
  Val:   Loss 0.6145, Acc 84.89%
  Saving progress curves to epoch_20.png...
Epoch 21/50 - 22.4s
  Train: Loss 0.1158, Acc 96.53%
  Val:   Loss 0.6486, Acc 85.30%
   New best model saved: 85.30%
Epoch 22/50 - 22.4s
  Train: Loss 0.1067, Acc 96.77%
  Val:   Loss 0.7037, Acc 84.34%
Epoch 23/50 - 22.5s
  Train: Loss 0.0965, Acc 97.03%
  Val:   Loss 0.6877, Acc 84.89%
Epoch 24/50 - 22.3s
  Train: Loss 0.0854, Acc 97.36%
  Val:   Loss 0.6533, Acc 85.44%
   New best model saved: 85.44%
Epoch 25/50 - 22.4s
  Train: Loss 0.0839, Acc 97.31%
  Val:   Loss 0.7243, Acc 85.16%
Epoch 26/50 - 22.4s
  Train: Loss 0.0773, Acc 97.60%
  Val:   Loss 0.6997, Acc 84.75%
Epoch 27/50 - 22.4s
  Train: Loss 0.0703, Acc 97.89%
  Val:   Loss 0.7338, Acc 85.99%
   New best model saved: 85.99%
Epoch 28/50 - 22.4s
  Train: Loss 0.0692, Acc 97.80%
  Val:   Loss 0.7872, Acc 84.48%
Epoch 29/50 - 22.5s
  Train: Loss 0.0599, Acc 98.27%
  Val:   Loss 0.7677, Acc 85.03%
Epoch 30/50 - 22.3s
  Train: Loss 0.0566, Acc 98.37%
  Val:   Loss 0.7404, Acc 84.48%
  Saving progress curves to epoch_30.png...
Epoch 31/50 - 22.4s
  Train: Loss 0.0601, Acc 98.34%
  Val:   Loss 0.7460, Acc 85.16%
Epoch 32/50 - 22.4s
  Train: Loss 0.0561, Acc 98.40%
  Val:   Loss 0.7759, Acc 85.16%
Epoch 33/50 - 22.3s
  Train: Loss 0.0462, Acc 98.46%
  Val:   Loss 0.8041, Acc 84.75%
Epoch 34/50 - 22.4s
  Train: Loss 0.0458, Acc 98.59%
  Val:   Loss 0.8042, Acc 84.62%
Epoch 35/50 - 22.4s
  Train: Loss 0.0392, Acc 98.87%
  Val:   Loss 0.7915, Acc 85.85%
Epoch 36/50 - 22.7s
  Train: Loss 0.0387, Acc 98.78%
  Val:   Loss 0.8028, Acc 85.44%
Epoch 37/50 - 22.7s
  Train: Loss 0.0451, Acc 98.66%
  Val:   Loss 0.8372, Acc 85.58%
Epoch 38/50 - 22.4s
  Train: Loss 0.0404, Acc 98.85%
  Val:   Loss 0.8281, Acc 85.85%
Epoch 39/50 - 22.4s
  Train: Loss 0.0416, Acc 98.66%
  Val:   Loss 0.7834, Acc 85.71%
Epoch 40/50 - 22.3s
  Train: Loss 0.0294, Acc 99.26%
  Val:   Loss 0.8306, Acc 85.30%
  Saving progress curves to epoch_40.png...
Epoch 41/50 - 22.4s
  Train: Loss 0.0368, Acc 98.95%
  Val:   Loss 0.8219, Acc 85.16%
Epoch 42/50 - 22.4s
  Train: Loss 0.0324, Acc 99.21%
  Val:   Loss 0.8389, Acc 84.89%
Epoch 43/50 - 22.3s
  Train: Loss 0.0301, Acc 99.23%
  Val:   Loss 0.8325, Acc 85.03%
Epoch 44/50 - 22.3s
  Train: Loss 0.0395, Acc 98.88%
  Val:   Loss 0.8366, Acc 85.30%
Epoch 45/50 - 22.4s
  Train: Loss 0.0393, Acc 98.87%
  Val:   Loss 0.8265, Acc 85.30%
Epoch 46/50 - 22.4s
  Train: Loss 0.0335, Acc 99.04%
  Val:   Loss 0.8216, Acc 85.16%
Epoch 47/50 - 22.3s
  Train: Loss 0.0291, Acc 99.07%
  Val:   Loss 0.8223, Acc 85.58%
Epoch 48/50 - 22.4s
  Train: Loss 0.0298, Acc 99.14%
  Val:   Loss 0.8225, Acc 85.44%
Epoch 49/50 - 22.4s
  Train: Loss 0.0324, Acc 99.18%
  Val:   Loss 0.8230, Acc 85.44%
Epoch 50/50 - 22.4s
  Train: Loss 0.0373, Acc 99.04%
  Val:   Loss 0.8235, Acc 85.44%
  Saving progress curves to epoch_50.png...

 Evaluating rcdb on test set...
  Loaded best model from epoch 27 (Val Acc: 85.99%)
 Test Accuracy: 0.8466
Completed rcdb: Test Acc = 0.8466

============================================================
FINAL RESULTS SUMMARY ACROSS 3 REPLICATES
============================================================
imagenet     - Mean Val:  90.89%, Mean Test: 0.9027 (Std Dev: 0.0030)
exfractal    - Mean Val:  91.85%, Mean Test: 0.9041 (Std Dev: 0.0089)
rcdb         - Mean Val:  86.49%, Mean Test: 0.8571 (Std Dev: 0.0112)

 BEST MODEL (Mean): exfractal with 0.9041 accuracy
 Run by Amogne Andualem! ACHIEVED 90%+ MEAN ACCURACY! 

 All results saved to: ./swin_final_results_advanced
  - final_summary_all_replicates.csv: Comparative table of mean results across all replicates.
  - sample_images/: Sample images showing Original, Resized, and Augmented versions.
  - Replicate_X/: Individual folders for each run with model checkpoints and plots.
Finished training script at Mon  1 Dec 00:55:48 CST 2025
